<?xml version="1.0" encoding="UTF-8"?>
<testsuite name="alfa.gifty.core.CoreApplicationTests" tests="1" skipped="0" failures="0" errors="0" timestamp="2022-06-13T10:24:09" hostname="at-q3.msk.21-school.ru" time="0.275">
  <properties/>
  <testcase name="contextLoads()" classname="alfa.gifty.core.CoreApplicationTests" time="0.275"/>
  <system-out><![CDATA[13:24:06.634 [Test worker] DEBUG org.springframework.test.context.BootstrapUtils - Instantiating CacheAwareContextLoaderDelegate from class [org.springframework.test.context.cache.DefaultCacheAwareContextLoaderDelegate]
13:24:06.642 [Test worker] DEBUG org.springframework.test.context.BootstrapUtils - Instantiating BootstrapContext using constructor [public org.springframework.test.context.support.DefaultBootstrapContext(java.lang.Class,org.springframework.test.context.CacheAwareContextLoaderDelegate)]
13:24:06.668 [Test worker] DEBUG org.springframework.test.context.BootstrapUtils - Instantiating TestContextBootstrapper for test class [alfa.gifty.core.CoreApplicationTests] from class [org.springframework.boot.test.context.SpringBootTestContextBootstrapper]
13:24:06.677 [Test worker] INFO org.springframework.boot.test.context.SpringBootTestContextBootstrapper - Neither @ContextConfiguration nor @ContextHierarchy found for test class [alfa.gifty.core.CoreApplicationTests], using SpringBootContextLoader
13:24:06.680 [Test worker] DEBUG org.springframework.test.context.support.AbstractContextLoader - Did not detect default resource location for test class [alfa.gifty.core.CoreApplicationTests]: class path resource [alfa/gifty/core/CoreApplicationTests-context.xml] does not exist
13:24:06.681 [Test worker] DEBUG org.springframework.test.context.support.AbstractContextLoader - Did not detect default resource location for test class [alfa.gifty.core.CoreApplicationTests]: class path resource [alfa/gifty/core/CoreApplicationTestsContext.groovy] does not exist
13:24:06.681 [Test worker] INFO org.springframework.test.context.support.AbstractContextLoader - Could not detect default resource locations for test class [alfa.gifty.core.CoreApplicationTests]: no resource found for suffixes {-context.xml, Context.groovy}.
13:24:06.684 [Test worker] INFO org.springframework.test.context.support.AnnotationConfigContextLoaderUtils - Could not detect default configuration classes for test class [alfa.gifty.core.CoreApplicationTests]: CoreApplicationTests does not declare any static, non-private, non-final, nested classes annotated with @Configuration.
13:24:06.730 [Test worker] DEBUG org.springframework.test.context.support.ActiveProfilesUtils - Could not find an 'annotation declaring class' for annotation type [org.springframework.test.context.ActiveProfiles] and class [alfa.gifty.core.CoreApplicationTests]
13:24:06.797 [Test worker] DEBUG org.springframework.context.annotation.ClassPathScanningCandidateComponentProvider - Identified candidate component class: file [/Users/acollin/Desktop/AlfaGifty/build/classes/java/main/alfa/gifty/CoreApplication.class]
13:24:06.798 [Test worker] INFO org.springframework.boot.test.context.SpringBootTestContextBootstrapper - Found @SpringBootConfiguration alfa.gifty.CoreApplication for test class alfa.gifty.core.CoreApplicationTests
13:24:06.897 [Test worker] DEBUG org.springframework.boot.test.context.SpringBootTestContextBootstrapper - @TestExecutionListeners is not present for class [alfa.gifty.core.CoreApplicationTests]: using defaults.
13:24:06.898 [Test worker] INFO org.springframework.boot.test.context.SpringBootTestContextBootstrapper - Loaded default TestExecutionListener class names from location [META-INF/spring.factories]: [org.springframework.cloud.contract.stubrunner.provider.wiremock.StubRunnerWireMockTestExecutionListener, org.springframework.cloud.contract.wiremock.WireMockTestExecutionListener, org.springframework.boot.test.autoconfigure.restdocs.RestDocsTestExecutionListener, org.springframework.boot.test.autoconfigure.web.client.MockRestServiceServerResetTestExecutionListener, org.springframework.boot.test.autoconfigure.web.servlet.MockMvcPrintOnlyOnFailureTestExecutionListener, org.springframework.boot.test.autoconfigure.web.servlet.WebDriverTestExecutionListener, org.springframework.boot.test.autoconfigure.webservices.client.MockWebServiceServerTestExecutionListener, org.springframework.boot.test.mock.mockito.MockitoTestExecutionListener, org.springframework.boot.test.mock.mockito.ResetMocksTestExecutionListener, org.springframework.test.context.web.ServletTestExecutionListener, org.springframework.test.context.support.DirtiesContextBeforeModesTestExecutionListener, org.springframework.test.context.event.ApplicationEventsTestExecutionListener, org.springframework.test.context.support.DependencyInjectionTestExecutionListener, org.springframework.test.context.support.DirtiesContextTestExecutionListener, org.springframework.test.context.transaction.TransactionalTestExecutionListener, org.springframework.test.context.jdbc.SqlScriptsTestExecutionListener, org.springframework.test.context.event.EventPublishingTestExecutionListener]
13:24:06.906 [Test worker] DEBUG org.springframework.boot.test.context.SpringBootTestContextBootstrapper - Skipping candidate TestExecutionListener [org.springframework.test.context.transaction.TransactionalTestExecutionListener] due to a missing dependency. Specify custom listener classes or make the default listener classes and their required dependencies available. Offending class: [org/springframework/transaction/TransactionDefinition]
13:24:06.907 [Test worker] DEBUG org.springframework.boot.test.context.SpringBootTestContextBootstrapper - Skipping candidate TestExecutionListener [org.springframework.test.context.jdbc.SqlScriptsTestExecutionListener] due to a missing dependency. Specify custom listener classes or make the default listener classes and their required dependencies available. Offending class: [org/springframework/transaction/interceptor/TransactionAttribute]
13:24:06.907 [Test worker] INFO org.springframework.boot.test.context.SpringBootTestContextBootstrapper - Using TestExecutionListeners: [org.springframework.test.context.web.ServletTestExecutionListener@cc62a3b, org.springframework.test.context.support.DirtiesContextBeforeModesTestExecutionListener@6cc0bcf6, org.springframework.test.context.event.ApplicationEventsTestExecutionListener@29539e36, org.springframework.boot.test.mock.mockito.MockitoTestExecutionListener@32f61a31, org.springframework.boot.test.autoconfigure.SpringBootDependencyInjectionTestExecutionListener@f5c79a6, org.springframework.test.context.support.DirtiesContextTestExecutionListener@669253b7, org.springframework.test.context.event.EventPublishingTestExecutionListener@5305c37d, org.springframework.boot.test.autoconfigure.restdocs.RestDocsTestExecutionListener@51a06cbe, org.springframework.boot.test.autoconfigure.web.client.MockRestServiceServerResetTestExecutionListener@3dddbe65, org.springframework.boot.test.autoconfigure.web.servlet.MockMvcPrintOnlyOnFailureTestExecutionListener@49a64d82, org.springframework.boot.test.autoconfigure.web.servlet.WebDriverTestExecutionListener@344561e0, org.springframework.boot.test.autoconfigure.webservices.client.MockWebServiceServerTestExecutionListener@66d23e4a, org.springframework.boot.test.mock.mockito.ResetMocksTestExecutionListener@36ac8a63, org.springframework.cloud.contract.stubrunner.provider.wiremock.StubRunnerWireMockTestExecutionListener@4d9d1b69, org.springframework.cloud.contract.wiremock.WireMockTestExecutionListener@52c8295b]
13:24:06.910 [Test worker] DEBUG org.springframework.test.context.support.AbstractDirtiesContextTestExecutionListener - Before test class: context [DefaultTestContext@1d572e62 testClass = CoreApplicationTests, testInstance = [null], testMethod = [null], testException = [null], mergedContextConfiguration = [WebMergedContextConfiguration@29caf222 testClass = CoreApplicationTests, locations = '{}', classes = '{class alfa.gifty.CoreApplication}', contextInitializerClasses = '[]', activeProfiles = '{}', propertySourceLocations = '{}', propertySourceProperties = '{org.springframework.boot.test.context.SpringBootTestContextBootstrapper=true}', contextCustomizers = set[org.springframework.boot.test.autoconfigure.actuate.metrics.MetricsExportContextCustomizerFactory$DisableMetricExportContextCustomizer@1a7288a3, org.springframework.boot.test.autoconfigure.properties.PropertyMappingContextCustomizer@0, org.springframework.boot.test.autoconfigure.web.servlet.WebDriverContextCustomizerFactory$Customizer@a5bd950, org.springframework.boot.test.context.filter.ExcludeFilterContextCustomizer@2bd2b28e, org.springframework.boot.test.json.DuplicateJsonObjectContextCustomizerFactory$DuplicateJsonObjectContextCustomizer@674658f7, org.springframework.boot.test.mock.mockito.MockitoContextCustomizer@0, org.springframework.boot.test.web.client.TestRestTemplateContextCustomizer@2fc0cc3, org.springframework.boot.test.context.SpringBootTestArgs@1, org.springframework.boot.test.context.SpringBootTestWebEnvironment@38af9828], resourceBasePath = 'src/main/webapp', contextLoader = 'org.springframework.boot.test.context.SpringBootContextLoader', parent = [null]], attributes = map['org.springframework.test.context.web.ServletTestExecutionListener.activateListener' -> true]], class annotated with @DirtiesContext [false] with mode [null].

  .   ____          _            __ _ _
 /\\ / ___'_ __ _ _(_)_ __  __ _ \ \ \ \
( ( )\___ | '_ | '_| | '_ \/ _` | \ \ \ \
 \\/  ___)| |_)| | | | | || (_| |  ) ) ) )
  '  |____| .__|_| |_|_| |_\__, | / / / /
 =========|_|==============|___/=/_/_/_/
 :: Spring Boot ::                (v2.7.0)

2022-06-13 13:24:07.246  INFO 69862 --- [    Test worker] alfa.gifty.core.CoreApplicationTests     : Starting CoreApplicationTests using Java 11.0.13 on at-q3.msk.21-school.ru with PID 69862 (started by acollin in /Users/acollin/Desktop/AlfaGifty)
2022-06-13 13:24:07.249  INFO 69862 --- [    Test worker] alfa.gifty.core.CoreApplicationTests     : No active profile set, falling back to 1 default profile: "default"
2022-06-13 13:24:08.090  INFO 69862 --- [    Test worker] o.s.cloud.context.scope.GenericScope     : BeanFactory id=641e7cc0-2cab-3496-8703-d94d9122cfc6
2022-06-13 13:24:09.108  INFO 69862 --- [    Test worker] alfa.gifty.core.CoreApplicationTests     : Started CoreApplicationTests in 2.152 seconds (JVM running for 3.244)
]]></system-out>
  <system-err><![CDATA[]]></system-err>
</testsuite>
