<?xml version="1.0" encoding="UTF-8"?>
<testsuite name="alfa.gifty.core.HttpRequestTest" tests="1" skipped="0" failures="0" errors="0" timestamp="2022-06-13T10:24:10" hostname="at-q3.msk.21-school.ru" time="1.699">
  <properties/>
  <testcase name="imgShouldBeReturned()" classname="alfa.gifty.core.HttpRequestTest" time="1.699"/>
  <system-out><![CDATA[2022-06-13 13:24:09.415  INFO 69862 --- [    Test worker] .b.t.c.SpringBootTestContextBootstrapper : Neither @ContextConfiguration nor @ContextHierarchy found for test class [alfa.gifty.core.HttpRequestTest], using SpringBootContextLoader
2022-06-13 13:24:09.416  INFO 69862 --- [    Test worker] o.s.t.c.support.AbstractContextLoader    : Could not detect default resource locations for test class [alfa.gifty.core.HttpRequestTest]: no resource found for suffixes {-context.xml, Context.groovy}.
2022-06-13 13:24:09.416  INFO 69862 --- [    Test worker] t.c.s.AnnotationConfigContextLoaderUtils : Could not detect default configuration classes for test class [alfa.gifty.core.HttpRequestTest]: HttpRequestTest does not declare any static, non-private, non-final, nested classes annotated with @Configuration.
2022-06-13 13:24:09.418  INFO 69862 --- [    Test worker] .b.t.c.SpringBootTestContextBootstrapper : Found @SpringBootConfiguration alfa.gifty.CoreApplication for test class alfa.gifty.core.HttpRequestTest
2022-06-13 13:24:09.419  INFO 69862 --- [    Test worker] .b.t.c.SpringBootTestContextBootstrapper : Loaded default TestExecutionListener class names from location [META-INF/spring.factories]: [org.springframework.cloud.contract.stubrunner.provider.wiremock.StubRunnerWireMockTestExecutionListener, org.springframework.cloud.contract.wiremock.WireMockTestExecutionListener, org.springframework.boot.test.autoconfigure.restdocs.RestDocsTestExecutionListener, org.springframework.boot.test.autoconfigure.web.client.MockRestServiceServerResetTestExecutionListener, org.springframework.boot.test.autoconfigure.web.servlet.MockMvcPrintOnlyOnFailureTestExecutionListener, org.springframework.boot.test.autoconfigure.web.servlet.WebDriverTestExecutionListener, org.springframework.boot.test.autoconfigure.webservices.client.MockWebServiceServerTestExecutionListener, org.springframework.boot.test.mock.mockito.MockitoTestExecutionListener, org.springframework.boot.test.mock.mockito.ResetMocksTestExecutionListener, org.springframework.test.context.web.ServletTestExecutionListener, org.springframework.test.context.support.DirtiesContextBeforeModesTestExecutionListener, org.springframework.test.context.event.ApplicationEventsTestExecutionListener, org.springframework.test.context.support.DependencyInjectionTestExecutionListener, org.springframework.test.context.support.DirtiesContextTestExecutionListener, org.springframework.test.context.transaction.TransactionalTestExecutionListener, org.springframework.test.context.jdbc.SqlScriptsTestExecutionListener, org.springframework.test.context.event.EventPublishingTestExecutionListener]
2022-06-13 13:24:09.420  INFO 69862 --- [    Test worker] .b.t.c.SpringBootTestContextBootstrapper : Using TestExecutionListeners: [org.springframework.test.context.web.ServletTestExecutionListener@3e6acec2, org.springframework.test.context.support.DirtiesContextBeforeModesTestExecutionListener@3d764641, org.springframework.test.context.event.ApplicationEventsTestExecutionListener@1e8bccfb, org.springframework.boot.test.mock.mockito.MockitoTestExecutionListener@77eb607e, org.springframework.boot.test.autoconfigure.SpringBootDependencyInjectionTestExecutionListener@1f1fbc9f, org.springframework.test.context.support.DirtiesContextTestExecutionListener@10d4b573, org.springframework.test.context.event.EventPublishingTestExecutionListener@50785f86, org.springframework.boot.test.autoconfigure.restdocs.RestDocsTestExecutionListener@7c3c3d67, org.springframework.boot.test.autoconfigure.web.client.MockRestServiceServerResetTestExecutionListener@1e258d3b, org.springframework.boot.test.autoconfigure.web.servlet.MockMvcPrintOnlyOnFailureTestExecutionListener@2b6fcca1, org.springframework.boot.test.autoconfigure.web.servlet.WebDriverTestExecutionListener@39f93225, org.springframework.boot.test.autoconfigure.webservices.client.MockWebServiceServerTestExecutionListener@24b3f778, org.springframework.boot.test.mock.mockito.ResetMocksTestExecutionListener@164dea80, org.springframework.cloud.contract.stubrunner.provider.wiremock.StubRunnerWireMockTestExecutionListener@4392362c, org.springframework.cloud.contract.wiremock.WireMockTestExecutionListener@338a4c61]

  .   ____          _            __ _ _
 /\\ / ___'_ __ _ _(_)_ __  __ _ \ \ \ \
( ( )\___ | '_ | '_| | '_ \/ _` | \ \ \ \
 \\/  ___)| |_)| | | | | || (_| |  ) ) ) )
  '  |____| .__|_| |_|_| |_\__, | / / / /
 =========|_|==============|___/=/_/_/_/
 :: Spring Boot ::                (v2.7.0)

2022-06-13 13:24:09.455  INFO 69862 --- [    Test worker] alfa.gifty.core.HttpRequestTest          : Starting HttpRequestTest using Java 11.0.13 on at-q3.msk.21-school.ru with PID 69862 (started by acollin in /Users/acollin/Desktop/AlfaGifty)
2022-06-13 13:24:09.455  INFO 69862 --- [    Test worker] alfa.gifty.core.HttpRequestTest          : No active profile set, falling back to 1 default profile: "default"
2022-06-13 13:24:09.633  INFO 69862 --- [    Test worker] o.s.cloud.context.scope.GenericScope     : BeanFactory id=0c85d533-2cda-3133-ae2a-b4f5a36c6368
2022-06-13 13:24:09.815  INFO 69862 --- [    Test worker] o.s.b.w.embedded.tomcat.TomcatWebServer  : Tomcat initialized with port(s): 0 (http)
2022-06-13 13:24:09.826  INFO 69862 --- [    Test worker] o.apache.catalina.core.StandardService   : Starting service [Tomcat]
2022-06-13 13:24:09.826  INFO 69862 --- [    Test worker] org.apache.catalina.core.StandardEngine  : Starting Servlet engine: [Apache Tomcat/9.0.63]
2022-06-13 13:24:09.968  INFO 69862 --- [    Test worker] o.a.c.c.C.[Tomcat].[localhost].[/]       : Initializing Spring embedded WebApplicationContext
2022-06-13 13:24:09.969  INFO 69862 --- [    Test worker] w.s.c.ServletWebServerApplicationContext : Root WebApplicationContext: initialization completed in 511 ms
2022-06-13 13:24:10.742  INFO 69862 --- [    Test worker] o.s.b.w.embedded.tomcat.TomcatWebServer  : Tomcat started on port(s): 61147 (http) with context path ''
2022-06-13 13:24:10.748  INFO 69862 --- [    Test worker] alfa.gifty.core.HttpRequestTest          : Started HttpRequestTest in 1.326 seconds (JVM running for 4.884)
2022-06-13 13:24:10.851  INFO 69862 --- [o-auto-1-exec-1] o.a.c.c.C.[Tomcat].[localhost].[/]       : Initializing Spring DispatcherServlet 'dispatcherServlet'
2022-06-13 13:24:10.852  INFO 69862 --- [o-auto-1-exec-1] o.s.web.servlet.DispatcherServlet        : Initializing Servlet 'dispatcherServlet'
2022-06-13 13:24:10.853  INFO 69862 --- [o-auto-1-exec-1] o.s.web.servlet.DispatcherServlet        : Completed initialization in 1 ms
https://media4.giphy.com/media/Yn5rNAynpjQPNbBCzY/giphy.gif?cid=09daf7ceb2e4482b5e7ed7ca456c9f64353ff277ca5504cf&rid=giphy.gif&ct=g
https://media4.giphy.com/media/Yn5rNAynpjQPNbBCzY/giphy.gif
]]></system-out>
  <system-err><![CDATA[]]></system-err>
</testsuite>
